<?xml version="1.0" encoding="UTF-8"?>
<!-- Generated by org.testng.reporters.JUnitReportReporter -->
<testsuite hostname="DESKTOP-ACLIAIP" name="com.altemetrics.flipkartTest.FlipkartTest" tests="1" failures="0" timestamp="20 Feb 2020 07:53:01 GMT" time="16.298" errors="0">
  <testcase name="testScenario" time="16.298" classname="com.altemetrics.flipkartTest.FlipkartTest"/>
</testsuite> <!-- com.altemetrics.flipkartTest.FlipkartTest -->
